*** Using Compiler 'V5.06 update 7 (build 960)', folder: 'D:\Keil_v5\ARM\ARMCC\Bin'
Build target 'stm32h743vgt6'
compiling main.c...
compiling MRAM.c...
compiling EthProtocol.c...
compiling usart.c...
compiling posGenerator.c...
compiling stm32h7xx_hal_msp.c...
compiling gpio.c...
compiling control.c...
compiling lsm.c...
compiling freertos.c...
compiling i2c.c...
compiling tim.c...
compiling RS485.c...
compiling in_out.c...
compiling CS5552.c...
compiling DI.c...
compiling Computer_vision.c...
compiling stm32h7xx_it.c...
compiling Encoder.c...
compiling Servo_driver.c...
compiling mram_manage.c...
compiling EEPROM.c...
compiling spi.c...
compiling ETHw5500.c...
compiling modbus_slave.c...
compiling td.c...
compiling pid.c...
compiling DO.c...
compiling bsp_spi.c...
compiling myFifo.c...
compiling elog_port.c...
compiling userdebug.c...
compiling modbus_slave_rtu.c...
compiling sensor.c...
compiling gParameter.c...
compiling Eeprom_manage.c...
compiling communicate.c...
linking...
Program Size: Code=118688 RO-data=2708 RW-data=1700 ZI-data=247300  
FromELF: creating hex file...
After Build - User command #1: "D:\Keil_v5\\ARM\ARMCC\bin\fromelf.exe" --bin --output="c:\Users\10331\Desktop\new\stm32h743vgt6\MDK-ARM\stm32h743vgt6.bin" "stm32h743vgt6\stm32h743vgt6.axf"
"stm32h743vgt6\stm32h743vgt6.axf" - 0 Error(s), 0 Warning(s).
Build Time Elapsed:  00:00:07
